<?xml version="1.0" encoding="UTF-8"?>
<coverage generated="1747885259717" clover="3.2.0">
  <project timestamp="1747885259717" name="All files">
    <metrics statements="228" coveredstatements="228" conditionals="46" coveredconditionals="46" methods="38" coveredmethods="38" elements="312" coveredelements="312" complexity="0" loc="228" ncloc="228" packages="1" files="9" classes="9"/>
    <file name="orderController.js" path="C:\Users\josep\OneDrive\Documentos\GitHub\jwt-poc\src\controllers\orderController.js">
      <metrics statements="24" coveredstatements="24" conditionals="6" coveredconditionals="6" methods="4" coveredmethods="4"/>
      <line num="3" count="1" type="stmt"/>
      <line num="5" count="1" type="stmt"/>
      <line num="6" count="2" type="stmt"/>
      <line num="7" count="2" type="stmt"/>
      <line num="11" count="1" type="stmt"/>
      <line num="13" count="1" type="stmt"/>
      <line num="17" count="1" type="stmt"/>
      <line num="18" count="3" type="stmt"/>
      <line num="19" count="3" type="stmt"/>
      <line num="20" count="2" type="cond" truecount="2" falsecount="0"/>
      <line num="21" count="1" type="stmt"/>
      <line num="23" count="1" type="stmt"/>
      <line num="27" count="1" type="stmt"/>
      <line num="28" count="3" type="stmt"/>
      <line num="29" count="3" type="stmt"/>
      <line num="30" count="2" type="cond" truecount="2" falsecount="0"/>
      <line num="31" count="1" type="stmt"/>
      <line num="33" count="1" type="stmt"/>
      <line num="37" count="1" type="stmt"/>
      <line num="38" count="3" type="stmt"/>
      <line num="39" count="3" type="stmt"/>
      <line num="40" count="2" type="cond" truecount="2" falsecount="0"/>
      <line num="41" count="1" type="stmt"/>
      <line num="43" count="1" type="stmt"/>
    </file>
    <file name="orderItemController.js" path="C:\Users\josep\OneDrive\Documentos\GitHub\jwt-poc\src\controllers\orderItemController.js">
      <metrics statements="17" coveredstatements="17" conditionals="2" coveredconditionals="2" methods="3" coveredmethods="3"/>
      <line num="3" count="1" type="stmt"/>
      <line num="5" count="1" type="stmt"/>
      <line num="6" count="2" type="stmt"/>
      <line num="7" count="2" type="stmt"/>
      <line num="8" count="1" type="stmt"/>
      <line num="10" count="1" type="stmt"/>
      <line num="14" count="1" type="stmt"/>
      <line num="15" count="2" type="stmt"/>
      <line num="16" count="2" type="stmt"/>
      <line num="17" count="1" type="stmt"/>
      <line num="19" count="1" type="stmt"/>
      <line num="23" count="1" type="stmt"/>
      <line num="24" count="3" type="stmt"/>
      <line num="25" count="3" type="stmt"/>
      <line num="26" count="2" type="cond" truecount="2" falsecount="0"/>
      <line num="27" count="1" type="stmt"/>
      <line num="29" count="1" type="stmt"/>
    </file>
    <file name="productCategoryController.js" path="C:\Users\josep\OneDrive\Documentos\GitHub\jwt-poc\src\controllers\productCategoryController.js">
      <metrics statements="28" coveredstatements="28" conditionals="4" coveredconditionals="4" methods="5" coveredmethods="5"/>
      <line num="3" count="1" type="stmt"/>
      <line num="5" count="1" type="stmt"/>
      <line num="6" count="2" type="stmt"/>
      <line num="7" count="2" type="stmt"/>
      <line num="8" count="1" type="stmt"/>
      <line num="10" count="1" type="stmt"/>
      <line num="14" count="1" type="stmt"/>
      <line num="15" count="2" type="stmt"/>
      <line num="16" count="2" type="stmt"/>
      <line num="17" count="1" type="stmt"/>
      <line num="19" count="1" type="stmt"/>
      <line num="23" count="1" type="stmt"/>
      <line num="24" count="2" type="stmt"/>
      <line num="25" count="2" type="stmt"/>
      <line num="26" count="1" type="stmt"/>
      <line num="28" count="1" type="stmt"/>
      <line num="32" count="1" type="stmt"/>
      <line num="33" count="3" type="stmt"/>
      <line num="34" count="3" type="stmt"/>
      <line num="35" count="2" type="cond" truecount="2" falsecount="0"/>
      <line num="36" count="1" type="stmt"/>
      <line num="38" count="1" type="stmt"/>
      <line num="42" count="1" type="stmt"/>
      <line num="43" count="3" type="stmt"/>
      <line num="44" count="3" type="stmt"/>
      <line num="45" count="2" type="cond" truecount="2" falsecount="0"/>
      <line num="46" count="1" type="stmt"/>
      <line num="48" count="1" type="stmt"/>
    </file>
    <file name="productController.js" path="C:\Users\josep\OneDrive\Documentos\GitHub\jwt-poc\src\controllers\productController.js">
      <metrics statements="31" coveredstatements="31" conditionals="6" coveredconditionals="6" methods="5" coveredmethods="5"/>
      <line num="3" count="1" type="stmt"/>
      <line num="5" count="1" type="stmt"/>
      <line num="6" count="2" type="stmt"/>
      <line num="7" count="2" type="stmt"/>
      <line num="8" count="1" type="stmt"/>
      <line num="10" count="1" type="stmt"/>
      <line num="14" count="1" type="stmt"/>
      <line num="15" count="2" type="stmt"/>
      <line num="16" count="2" type="stmt"/>
      <line num="17" count="1" type="stmt"/>
      <line num="19" count="1" type="stmt"/>
      <line num="23" count="1" type="stmt"/>
      <line num="24" count="3" type="stmt"/>
      <line num="25" count="3" type="stmt"/>
      <line num="26" count="2" type="cond" truecount="2" falsecount="0"/>
      <line num="27" count="1" type="stmt"/>
      <line num="29" count="1" type="stmt"/>
      <line num="33" count="1" type="stmt"/>
      <line num="34" count="3" type="stmt"/>
      <line num="35" count="3" type="stmt"/>
      <line num="36" count="3" type="cond" truecount="2" falsecount="0"/>
      <line num="38" count="2" type="stmt"/>
      <line num="39" count="1" type="stmt"/>
      <line num="41" count="1" type="stmt"/>
      <line num="45" count="1" type="stmt"/>
      <line num="46" count="3" type="stmt"/>
      <line num="47" count="3" type="stmt"/>
      <line num="48" count="3" type="cond" truecount="2" falsecount="0"/>
      <line num="50" count="2" type="stmt"/>
      <line num="51" count="1" type="stmt"/>
      <line num="53" count="1" type="stmt"/>
    </file>
    <file name="reservationController.js" path="C:\Users\josep\OneDrive\Documentos\GitHub\jwt-poc\src\controllers\reservationController.js">
      <metrics statements="34" coveredstatements="34" conditionals="8" coveredconditionals="8" methods="5" coveredmethods="5"/>
      <line num="3" count="1" type="stmt"/>
      <line num="5" count="1" type="stmt"/>
      <line num="6" count="3" type="stmt"/>
      <line num="7" count="3" type="stmt"/>
      <line num="9" count="3" type="stmt"/>
      <line num="15" count="2" type="cond" truecount="2" falsecount="0"/>
      <line num="16" count="1" type="stmt"/>
      <line num="19" count="1" type="stmt"/>
      <line num="25" count="1" type="stmt"/>
      <line num="27" count="1" type="stmt"/>
      <line num="31" count="1" type="stmt"/>
      <line num="32" count="3" type="stmt"/>
      <line num="33" count="3" type="stmt"/>
      <line num="34" count="2" type="cond" truecount="2" falsecount="0"/>
      <line num="35" count="1" type="stmt"/>
      <line num="37" count="1" type="stmt"/>
      <line num="41" count="1" type="stmt"/>
      <line num="42" count="2" type="stmt"/>
      <line num="43" count="2" type="stmt"/>
      <line num="44" count="1" type="stmt"/>
      <line num="46" count="1" type="stmt"/>
      <line num="50" count="1" type="stmt"/>
      <line num="51" count="3" type="stmt"/>
      <line num="52" count="3" type="stmt"/>
      <line num="53" count="3" type="stmt"/>
      <line num="54" count="2" type="cond" truecount="2" falsecount="0"/>
      <line num="55" count="1" type="stmt"/>
      <line num="57" count="1" type="stmt"/>
      <line num="61" count="1" type="stmt"/>
      <line num="62" count="3" type="stmt"/>
      <line num="63" count="3" type="stmt"/>
      <line num="64" count="2" type="cond" truecount="2" falsecount="0"/>
      <line num="65" count="1" type="stmt"/>
      <line num="67" count="1" type="stmt"/>
    </file>
    <file name="restaurantAvailabilityController.js" path="C:\Users\josep\OneDrive\Documentos\GitHub\jwt-poc\src\controllers\restaurantAvailabilityController.js">
      <metrics statements="23" coveredstatements="23" conditionals="4" coveredconditionals="4" methods="4" coveredmethods="4"/>
      <line num="3" count="1" type="stmt"/>
      <line num="5" count="1" type="stmt"/>
      <line num="6" count="2" type="stmt"/>
      <line num="7" count="2" type="stmt"/>
      <line num="8" count="1" type="stmt"/>
      <line num="10" count="1" type="stmt"/>
      <line num="14" count="1" type="stmt"/>
      <line num="15" count="2" type="stmt"/>
      <line num="16" count="2" type="stmt"/>
      <line num="17" count="1" type="stmt"/>
      <line num="19" count="1" type="stmt"/>
      <line num="23" count="1" type="stmt"/>
      <line num="24" count="3" type="stmt"/>
      <line num="25" count="3" type="stmt"/>
      <line num="26" count="2" type="cond" truecount="2" falsecount="0"/>
      <line num="27" count="1" type="stmt"/>
      <line num="29" count="1" type="stmt"/>
      <line num="33" count="1" type="stmt"/>
      <line num="34" count="3" type="stmt"/>
      <line num="35" count="3" type="stmt"/>
      <line num="36" count="2" type="cond" truecount="2" falsecount="0"/>
      <line num="37" count="1" type="stmt"/>
      <line num="39" count="1" type="stmt"/>
    </file>
    <file name="restaurantController.js" path="C:\Users\josep\OneDrive\Documentos\GitHub\jwt-poc\src\controllers\restaurantController.js">
      <metrics statements="24" coveredstatements="24" conditionals="6" coveredconditionals="6" methods="4" coveredmethods="4"/>
      <line num="3" count="1" type="stmt"/>
      <line num="5" count="1" type="stmt"/>
      <line num="6" count="2" type="stmt"/>
      <line num="7" count="2" type="stmt"/>
      <line num="11" count="1" type="stmt"/>
      <line num="13" count="1" type="stmt"/>
      <line num="17" count="1" type="stmt"/>
      <line num="18" count="3" type="stmt"/>
      <line num="19" count="3" type="stmt"/>
      <line num="20" count="2" type="cond" truecount="2" falsecount="0"/>
      <line num="21" count="1" type="stmt"/>
      <line num="23" count="1" type="stmt"/>
      <line num="27" count="1" type="stmt"/>
      <line num="28" count="3" type="stmt"/>
      <line num="29" count="3" type="stmt"/>
      <line num="30" count="2" type="cond" truecount="2" falsecount="0"/>
      <line num="31" count="1" type="stmt"/>
      <line num="33" count="1" type="stmt"/>
      <line num="37" count="1" type="stmt"/>
      <line num="38" count="3" type="stmt"/>
      <line num="39" count="3" type="stmt"/>
      <line num="40" count="2" type="cond" truecount="2" falsecount="0"/>
      <line num="41" count="1" type="stmt"/>
      <line num="43" count="1" type="stmt"/>
    </file>
    <file name="roleController.js" path="C:\Users\josep\OneDrive\Documentos\GitHub\jwt-poc\src\controllers\roleController.js">
      <metrics statements="23" coveredstatements="23" conditionals="4" coveredconditionals="4" methods="4" coveredmethods="4"/>
      <line num="3" count="1" type="stmt"/>
      <line num="5" count="1" type="stmt"/>
      <line num="6" count="2" type="stmt"/>
      <line num="7" count="2" type="stmt"/>
      <line num="8" count="1" type="stmt"/>
      <line num="10" count="1" type="stmt"/>
      <line num="14" count="1" type="stmt"/>
      <line num="15" count="2" type="stmt"/>
      <line num="16" count="2" type="stmt"/>
      <line num="17" count="1" type="stmt"/>
      <line num="19" count="1" type="stmt"/>
      <line num="23" count="1" type="stmt"/>
      <line num="24" count="3" type="stmt"/>
      <line num="25" count="3" type="stmt"/>
      <line num="26" count="2" type="cond" truecount="2" falsecount="0"/>
      <line num="27" count="1" type="stmt"/>
      <line num="29" count="1" type="stmt"/>
      <line num="33" count="1" type="stmt"/>
      <line num="34" count="3" type="stmt"/>
      <line num="35" count="3" type="stmt"/>
      <line num="36" count="2" type="cond" truecount="2" falsecount="0"/>
      <line num="37" count="1" type="stmt"/>
      <line num="39" count="1" type="stmt"/>
    </file>
    <file name="userController.js" path="C:\Users\josep\OneDrive\Documentos\GitHub\jwt-poc\src\controllers\userController.js">
      <metrics statements="24" coveredstatements="24" conditionals="6" coveredconditionals="6" methods="4" coveredmethods="4"/>
      <line num="3" count="1" type="stmt"/>
      <line num="5" count="1" type="stmt"/>
      <line num="6" count="2" type="stmt"/>
      <line num="7" count="2" type="stmt"/>
      <line num="8" count="1" type="stmt"/>
      <line num="10" count="1" type="stmt"/>
      <line num="14" count="1" type="stmt"/>
      <line num="15" count="3" type="stmt"/>
      <line num="16" count="3" type="stmt"/>
      <line num="17" count="2" type="cond" truecount="2" falsecount="0"/>
      <line num="18" count="1" type="stmt"/>
      <line num="20" count="1" type="stmt"/>
      <line num="24" count="1" type="stmt"/>
      <line num="25" count="3" type="stmt"/>
      <line num="26" count="3" type="stmt"/>
      <line num="27" count="2" type="cond" truecount="2" falsecount="0"/>
      <line num="28" count="1" type="stmt"/>
      <line num="30" count="1" type="stmt"/>
      <line num="34" count="1" type="stmt"/>
      <line num="35" count="3" type="stmt"/>
      <line num="36" count="3" type="stmt"/>
      <line num="37" count="2" type="cond" truecount="2" falsecount="0"/>
      <line num="38" count="1" type="stmt"/>
      <line num="40" count="1" type="stmt"/>
    </file>
  </project>
</coverage>
