{"C:\\Users\\josep\\OneDrive\\Documentos\\GitHub\\jwt-poc\\src\\controllers\\orderController.js": {"path":"C:\\Users\\josep\\OneDrive\\Documentos\\GitHub\\jwt-poc\\src\\controllers\\orderController.js","statementMap":{"0":{"start":{"line":3,"column":28},"end":{"line":3,"column":46}},"1":{"start":{"line":5,"column":27},"end":{"line":15,"column":1}},"2":{"start":{"line":6,"column":2},"end":{"line":14,"column":3}},"3":{"start":{"line":7,"column":18},"end":{"line":10,"column":6}},"4":{"start":{"line":11,"column":4},"end":{"line":11,"column":32}},"5":{"start":{"line":13,"column":4},"end":{"line":13,"column":51}},"6":{"start":{"line":17,"column":28},"end":{"line":25,"column":1}},"7":{"start":{"line":18,"column":2},"end":{"line":24,"column":3}},"8":{"start":{"line":19,"column":18},"end":{"line":19,"column":62}},"9":{"start":{"line":20,"column":4},"end":{"line":20,"column":76}},"10":{"start":{"line":20,"column":16},"end":{"line":20,"column":76}},"11":{"start":{"line":21,"column":4},"end":{"line":21,"column":20}},"12":{"start":{"line":23,"column":4},"end":{"line":23,"column":51}},"13":{"start":{"line":27,"column":33},"end":{"line":35,"column":1}},"14":{"start":{"line":28,"column":2},"end":{"line":34,"column":3}},"15":{"start":{"line":29,"column":18},"end":{"line":29,"column":84}},"16":{"start":{"line":30,"column":4},"end":{"line":30,"column":76}},"17":{"start":{"line":30,"column":16},"end":{"line":30,"column":76}},"18":{"start":{"line":31,"column":4},"end":{"line":31,"column":20}},"19":{"start":{"line":33,"column":4},"end":{"line":33,"column":51}},"20":{"start":{"line":37,"column":27},"end":{"line":45,"column":1}},"21":{"start":{"line":38,"column":2},"end":{"line":44,"column":3}},"22":{"start":{"line":39,"column":20},"end":{"line":39,"column":63}},"23":{"start":{"line":40,"column":4},"end":{"line":40,"column":78}},"24":{"start":{"line":40,"column":18},"end":{"line":40,"column":78}},"25":{"start":{"line":41,"column":4},"end":{"line":41,"column":27}},"26":{"start":{"line":43,"column":4},"end":{"line":43,"column":51}}},"fnMap":{"0":{"name":"(anonymous_0)","decl":{"start":{"line":5,"column":27},"end":{"line":5,"column":28}},"loc":{"start":{"line":5,"column":47},"end":{"line":15,"column":1}},"line":5},"1":{"name":"(anonymous_1)","decl":{"start":{"line":17,"column":28},"end":{"line":17,"column":29}},"loc":{"start":{"line":17,"column":48},"end":{"line":25,"column":1}},"line":17},"2":{"name":"(anonymous_2)","decl":{"start":{"line":27,"column":33},"end":{"line":27,"column":34}},"loc":{"start":{"line":27,"column":53},"end":{"line":35,"column":1}},"line":27},"3":{"name":"(anonymous_3)","decl":{"start":{"line":37,"column":27},"end":{"line":37,"column":28}},"loc":{"start":{"line":37,"column":47},"end":{"line":45,"column":1}},"line":37}},"branchMap":{"0":{"loc":{"start":{"line":20,"column":4},"end":{"line":20,"column":76}},"type":"if","locations":[{"start":{"line":20,"column":4},"end":{"line":20,"column":76}},{"start":{},"end":{}}],"line":20},"1":{"loc":{"start":{"line":30,"column":4},"end":{"line":30,"column":76}},"type":"if","locations":[{"start":{"line":30,"column":4},"end":{"line":30,"column":76}},{"start":{},"end":{}}],"line":30},"2":{"loc":{"start":{"line":40,"column":4},"end":{"line":40,"column":78}},"type":"if","locations":[{"start":{"line":40,"column":4},"end":{"line":40,"column":78}},{"start":{},"end":{}}],"line":40}},"s":{"0":1,"1":1,"2":2,"3":2,"4":1,"5":1,"6":1,"7":3,"8":3,"9":2,"10":1,"11":1,"12":1,"13":1,"14":3,"15":3,"16":2,"17":1,"18":1,"19":1,"20":1,"21":3,"22":3,"23":2,"24":1,"25":1,"26":1},"f":{"0":2,"1":3,"2":3,"3":3},"b":{"0":[1,1],"1":[1,1],"2":[1,1]},"_coverageSchema":"1a1c01bbd47fc00a2c39e90264f33305004495a9","hash":"702adcfba6bc7423ebcb11743378c56ea065748a"}
,"C:\\Users\\josep\\OneDrive\\Documentos\\GitHub\\jwt-poc\\src\\controllers\\orderItemController.js": {"path":"C:\\Users\\josep\\OneDrive\\Documentos\\GitHub\\jwt-poc\\src\\controllers\\orderItemController.js","statementMap":{"0":{"start":{"line":3,"column":25},"end":{"line":3,"column":35}},"1":{"start":{"line":5,"column":31},"end":{"line":12,"column":1}},"2":{"start":{"line":6,"column":2},"end":{"line":11,"column":3}},"3":{"start":{"line":7,"column":17},"end":{"line":7,"column":52}},"4":{"start":{"line":8,"column":4},"end":{"line":8,"column":31}},"5":{"start":{"line":10,"column":4},"end":{"line":10,"column":51}},"6":{"start":{"line":14,"column":31},"end":{"line":21,"column":1}},"7":{"start":{"line":15,"column":2},"end":{"line":20,"column":3}},"8":{"start":{"line":16,"column":18},"end":{"line":16,"column":67}},"9":{"start":{"line":17,"column":4},"end":{"line":17,"column":20}},"10":{"start":{"line":19,"column":4},"end":{"line":19,"column":51}},"11":{"start":{"line":23,"column":31},"end":{"line":31,"column":1}},"12":{"start":{"line":24,"column":2},"end":{"line":30,"column":3}},"13":{"start":{"line":25,"column":20},"end":{"line":25,"column":60}},"14":{"start":{"line":26,"column":4},"end":{"line":26,"column":77}},"15":{"start":{"line":26,"column":18},"end":{"line":26,"column":77}},"16":{"start":{"line":27,"column":4},"end":{"line":27,"column":27}},"17":{"start":{"line":29,"column":4},"end":{"line":29,"column":51}}},"fnMap":{"0":{"name":"(anonymous_0)","decl":{"start":{"line":5,"column":31},"end":{"line":5,"column":32}},"loc":{"start":{"line":5,"column":51},"end":{"line":12,"column":1}},"line":5},"1":{"name":"(anonymous_1)","decl":{"start":{"line":14,"column":31},"end":{"line":14,"column":32}},"loc":{"start":{"line":14,"column":51},"end":{"line":21,"column":1}},"line":14},"2":{"name":"(anonymous_2)","decl":{"start":{"line":23,"column":31},"end":{"line":23,"column":32}},"loc":{"start":{"line":23,"column":51},"end":{"line":31,"column":1}},"line":23}},"branchMap":{"0":{"loc":{"start":{"line":26,"column":4},"end":{"line":26,"column":77}},"type":"if","locations":[{"start":{"line":26,"column":4},"end":{"line":26,"column":77}},{"start":{},"end":{}}],"line":26}},"s":{"0":1,"1":1,"2":2,"3":2,"4":1,"5":1,"6":1,"7":2,"8":2,"9":1,"10":1,"11":1,"12":3,"13":3,"14":2,"15":1,"16":1,"17":1},"f":{"0":2,"1":2,"2":3},"b":{"0":[1,1]},"_coverageSchema":"1a1c01bbd47fc00a2c39e90264f33305004495a9","hash":"bacfe81ee616bd5aac4c1b56c82bc757568bd6ff"}
,"C:\\Users\\josep\\OneDrive\\Documentos\\GitHub\\jwt-poc\\src\\controllers\\productCategoryController.js": {"path":"C:\\Users\\josep\\OneDrive\\Documentos\\GitHub\\jwt-poc\\src\\controllers\\productCategoryController.js","statementMap":{"0":{"start":{"line":3,"column":31},"end":{"line":3,"column":41}},"1":{"start":{"line":5,"column":30},"end":{"line":12,"column":1}},"2":{"start":{"line":6,"column":2},"end":{"line":11,"column":3}},"3":{"start":{"line":7,"column":21},"end":{"line":7,"column":62}},"4":{"start":{"line":8,"column":4},"end":{"line":8,"column":35}},"5":{"start":{"line":10,"column":4},"end":{"line":10,"column":51}},"6":{"start":{"line":14,"column":29},"end":{"line":21,"column":1}},"7":{"start":{"line":15,"column":2},"end":{"line":20,"column":3}},"8":{"start":{"line":16,"column":23},"end":{"line":16,"column":56}},"9":{"start":{"line":17,"column":4},"end":{"line":17,"column":25}},"10":{"start":{"line":19,"column":4},"end":{"line":19,"column":51}},"11":{"start":{"line":23,"column":39},"end":{"line":30,"column":1}},"12":{"start":{"line":24,"column":2},"end":{"line":29,"column":3}},"13":{"start":{"line":25,"column":21},"end":{"line":25,"column":92}},"14":{"start":{"line":26,"column":4},"end":{"line":26,"column":23}},"15":{"start":{"line":28,"column":4},"end":{"line":28,"column":51}},"16":{"start":{"line":32,"column":30},"end":{"line":40,"column":1}},"17":{"start":{"line":33,"column":2},"end":{"line":39,"column":3}},"18":{"start":{"line":34,"column":21},"end":{"line":34,"column":77}},"19":{"start":{"line":35,"column":4},"end":{"line":35,"column":82}},"20":{"start":{"line":35,"column":19},"end":{"line":35,"column":82}},"21":{"start":{"line":36,"column":4},"end":{"line":36,"column":23}},"22":{"start":{"line":38,"column":4},"end":{"line":38,"column":51}},"23":{"start":{"line":42,"column":30},"end":{"line":50,"column":1}},"24":{"start":{"line":43,"column":2},"end":{"line":49,"column":3}},"25":{"start":{"line":44,"column":20},"end":{"line":44,"column":66}},"26":{"start":{"line":45,"column":4},"end":{"line":45,"column":81}},"27":{"start":{"line":45,"column":18},"end":{"line":45,"column":81}},"28":{"start":{"line":46,"column":4},"end":{"line":46,"column":27}},"29":{"start":{"line":48,"column":4},"end":{"line":48,"column":51}}},"fnMap":{"0":{"name":"(anonymous_0)","decl":{"start":{"line":5,"column":30},"end":{"line":5,"column":31}},"loc":{"start":{"line":5,"column":50},"end":{"line":12,"column":1}},"line":5},"1":{"name":"(anonymous_1)","decl":{"start":{"line":14,"column":29},"end":{"line":14,"column":30}},"loc":{"start":{"line":14,"column":49},"end":{"line":21,"column":1}},"line":14},"2":{"name":"(anonymous_2)","decl":{"start":{"line":23,"column":39},"end":{"line":23,"column":40}},"loc":{"start":{"line":23,"column":59},"end":{"line":30,"column":1}},"line":23},"3":{"name":"(anonymous_3)","decl":{"start":{"line":32,"column":30},"end":{"line":32,"column":31}},"loc":{"start":{"line":32,"column":50},"end":{"line":40,"column":1}},"line":32},"4":{"name":"(anonymous_4)","decl":{"start":{"line":42,"column":30},"end":{"line":42,"column":31}},"loc":{"start":{"line":42,"column":50},"end":{"line":50,"column":1}},"line":42}},"branchMap":{"0":{"loc":{"start":{"line":35,"column":4},"end":{"line":35,"column":82}},"type":"if","locations":[{"start":{"line":35,"column":4},"end":{"line":35,"column":82}},{"start":{},"end":{}}],"line":35},"1":{"loc":{"start":{"line":45,"column":4},"end":{"line":45,"column":81}},"type":"if","locations":[{"start":{"line":45,"column":4},"end":{"line":45,"column":81}},{"start":{},"end":{}}],"line":45}},"s":{"0":1,"1":1,"2":2,"3":2,"4":1,"5":1,"6":1,"7":2,"8":2,"9":1,"10":1,"11":1,"12":2,"13":2,"14":1,"15":1,"16":1,"17":3,"18":3,"19":2,"20":1,"21":1,"22":1,"23":1,"24":3,"25":3,"26":2,"27":1,"28":1,"29":1},"f":{"0":2,"1":2,"2":2,"3":3,"4":3},"b":{"0":[1,1],"1":[1,1]},"_coverageSchema":"1a1c01bbd47fc00a2c39e90264f33305004495a9","hash":"95d10c85c344f9de5e4f347e8a2a12d7529d6384"}
,"C:\\Users\\josep\\OneDrive\\Documentos\\GitHub\\jwt-poc\\src\\controllers\\productController.js": {"path":"C:\\Users\\josep\\OneDrive\\Documentos\\GitHub\\jwt-poc\\src\\controllers\\productController.js","statementMap":{"0":{"start":{"line":3,"column":30},"end":{"line":3,"column":48}},"1":{"start":{"line":5,"column":29},"end":{"line":12,"column":1}},"2":{"start":{"line":6,"column":2},"end":{"line":11,"column":3}},"3":{"start":{"line":7,"column":20},"end":{"line":7,"column":60}},"4":{"start":{"line":8,"column":4},"end":{"line":8,"column":34}},"5":{"start":{"line":10,"column":4},"end":{"line":10,"column":51}},"6":{"start":{"line":14,"column":27},"end":{"line":21,"column":1}},"7":{"start":{"line":15,"column":2},"end":{"line":20,"column":3}},"8":{"start":{"line":16,"column":21},"end":{"line":16,"column":53}},"9":{"start":{"line":17,"column":4},"end":{"line":17,"column":23}},"10":{"start":{"line":19,"column":4},"end":{"line":19,"column":51}},"11":{"start":{"line":23,"column":30},"end":{"line":31,"column":1}},"12":{"start":{"line":24,"column":2},"end":{"line":30,"column":3}},"13":{"start":{"line":25,"column":20},"end":{"line":25,"column":66}},"14":{"start":{"line":26,"column":4},"end":{"line":26,"column":85}},"15":{"start":{"line":26,"column":18},"end":{"line":26,"column":85}},"16":{"start":{"line":27,"column":4},"end":{"line":27,"column":22}},"17":{"start":{"line":29,"column":4},"end":{"line":29,"column":51}},"18":{"start":{"line":33,"column":29},"end":{"line":43,"column":1}},"19":{"start":{"line":34,"column":2},"end":{"line":42,"column":3}},"20":{"start":{"line":35,"column":20},"end":{"line":35,"column":66}},"21":{"start":{"line":36,"column":4},"end":{"line":36,"column":76}},"22":{"start":{"line":36,"column":18},"end":{"line":36,"column":76}},"23":{"start":{"line":38,"column":27},"end":{"line":38,"column":82}},"24":{"start":{"line":39,"column":4},"end":{"line":39,"column":29}},"25":{"start":{"line":41,"column":4},"end":{"line":41,"column":51}},"26":{"start":{"line":45,"column":29},"end":{"line":55,"column":1}},"27":{"start":{"line":46,"column":2},"end":{"line":54,"column":3}},"28":{"start":{"line":47,"column":20},"end":{"line":47,"column":66}},"29":{"start":{"line":48,"column":4},"end":{"line":48,"column":76}},"30":{"start":{"line":48,"column":18},"end":{"line":48,"column":76}},"31":{"start":{"line":50,"column":4},"end":{"line":50,"column":50}},"32":{"start":{"line":51,"column":4},"end":{"line":51,"column":27}},"33":{"start":{"line":53,"column":4},"end":{"line":53,"column":51}}},"fnMap":{"0":{"name":"(anonymous_0)","decl":{"start":{"line":5,"column":29},"end":{"line":5,"column":30}},"loc":{"start":{"line":5,"column":49},"end":{"line":12,"column":1}},"line":5},"1":{"name":"(anonymous_1)","decl":{"start":{"line":14,"column":27},"end":{"line":14,"column":28}},"loc":{"start":{"line":14,"column":47},"end":{"line":21,"column":1}},"line":14},"2":{"name":"(anonymous_2)","decl":{"start":{"line":23,"column":30},"end":{"line":23,"column":31}},"loc":{"start":{"line":23,"column":50},"end":{"line":31,"column":1}},"line":23},"3":{"name":"(anonymous_3)","decl":{"start":{"line":33,"column":29},"end":{"line":33,"column":30}},"loc":{"start":{"line":33,"column":49},"end":{"line":43,"column":1}},"line":33},"4":{"name":"(anonymous_4)","decl":{"start":{"line":45,"column":29},"end":{"line":45,"column":30}},"loc":{"start":{"line":45,"column":49},"end":{"line":55,"column":1}},"line":45}},"branchMap":{"0":{"loc":{"start":{"line":26,"column":4},"end":{"line":26,"column":85}},"type":"if","locations":[{"start":{"line":26,"column":4},"end":{"line":26,"column":85}},{"start":{},"end":{}}],"line":26},"1":{"loc":{"start":{"line":36,"column":4},"end":{"line":36,"column":76}},"type":"if","locations":[{"start":{"line":36,"column":4},"end":{"line":36,"column":76}},{"start":{},"end":{}}],"line":36},"2":{"loc":{"start":{"line":48,"column":4},"end":{"line":48,"column":76}},"type":"if","locations":[{"start":{"line":48,"column":4},"end":{"line":48,"column":76}},{"start":{},"end":{}}],"line":48}},"s":{"0":1,"1":1,"2":2,"3":2,"4":1,"5":1,"6":1,"7":2,"8":2,"9":1,"10":1,"11":1,"12":3,"13":3,"14":2,"15":1,"16":1,"17":1,"18":1,"19":3,"20":3,"21":3,"22":1,"23":2,"24":1,"25":1,"26":1,"27":3,"28":3,"29":3,"30":1,"31":2,"32":1,"33":1},"f":{"0":2,"1":2,"2":3,"3":3,"4":3},"b":{"0":[1,1],"1":[1,2],"2":[1,2]},"_coverageSchema":"1a1c01bbd47fc00a2c39e90264f33305004495a9","hash":"e5c11f096876c7681858a6130e24c41afd5fe932"}
,"C:\\Users\\josep\\OneDrive\\Documentos\\GitHub\\jwt-poc\\src\\controllers\\reservationController.js": {"path":"C:\\Users\\josep\\OneDrive\\Documentos\\GitHub\\jwt-poc\\src\\controllers\\reservationController.js","statementMap":{"0":{"start":{"line":3,"column":36},"end":{"line":3,"column":54}},"1":{"start":{"line":5,"column":35},"end":{"line":29,"column":3}},"2":{"start":{"line":6,"column":4},"end":{"line":28,"column":5}},"3":{"start":{"line":7,"column":56},"end":{"line":7,"column":64}},"4":{"start":{"line":9,"column":26},"end":{"line":13,"column":8}},"5":{"start":{"line":15,"column":6},"end":{"line":17,"column":7}},"6":{"start":{"line":16,"column":8},"end":{"line":16,"column":74}},"7":{"start":{"line":19,"column":26},"end":{"line":24,"column":8}},"8":{"start":{"line":25,"column":6},"end":{"line":25,"column":40}},"9":{"start":{"line":27,"column":6},"end":{"line":27,"column":53}},"10":{"start":{"line":31,"column":36},"end":{"line":39,"column":3}},"11":{"start":{"line":32,"column":4},"end":{"line":38,"column":5}},"12":{"start":{"line":33,"column":26},"end":{"line":33,"column":76}},"13":{"start":{"line":34,"column":6},"end":{"line":34,"column":90}},"14":{"start":{"line":34,"column":24},"end":{"line":34,"column":90}},"15":{"start":{"line":35,"column":6},"end":{"line":35,"column":28}},"16":{"start":{"line":37,"column":6},"end":{"line":37,"column":53}},"17":{"start":{"line":41,"column":39},"end":{"line":48,"column":3}},"18":{"start":{"line":42,"column":4},"end":{"line":47,"column":5}},"19":{"start":{"line":43,"column":27},"end":{"line":43,"column":77}},"20":{"start":{"line":44,"column":6},"end":{"line":44,"column":29}},"21":{"start":{"line":46,"column":6},"end":{"line":46,"column":53}},"22":{"start":{"line":50,"column":41},"end":{"line":59,"column":3}},"23":{"start":{"line":51,"column":2},"end":{"line":58,"column":3}},"24":{"start":{"line":52,"column":23},"end":{"line":52,"column":31}},"25":{"start":{"line":53,"column":24},"end":{"line":53,"column":87}},"26":{"start":{"line":54,"column":4},"end":{"line":54,"column":88}},"27":{"start":{"line":54,"column":22},"end":{"line":54,"column":88}},"28":{"start":{"line":55,"column":4},"end":{"line":55,"column":26}},"29":{"start":{"line":57,"column":4},"end":{"line":57,"column":51}},"30":{"start":{"line":61,"column":35},"end":{"line":69,"column":3}},"31":{"start":{"line":62,"column":4},"end":{"line":68,"column":5}},"32":{"start":{"line":63,"column":22},"end":{"line":63,"column":71}},"33":{"start":{"line":64,"column":6},"end":{"line":64,"column":86}},"34":{"start":{"line":64,"column":20},"end":{"line":64,"column":86}},"35":{"start":{"line":65,"column":6},"end":{"line":65,"column":29}},"36":{"start":{"line":67,"column":6},"end":{"line":67,"column":53}}},"fnMap":{"0":{"name":"(anonymous_0)","decl":{"start":{"line":5,"column":35},"end":{"line":5,"column":36}},"loc":{"start":{"line":5,"column":55},"end":{"line":29,"column":3}},"line":5},"1":{"name":"(anonymous_1)","decl":{"start":{"line":31,"column":36},"end":{"line":31,"column":37}},"loc":{"start":{"line":31,"column":56},"end":{"line":39,"column":3}},"line":31},"2":{"name":"(anonymous_2)","decl":{"start":{"line":41,"column":39},"end":{"line":41,"column":40}},"loc":{"start":{"line":41,"column":59},"end":{"line":48,"column":3}},"line":41},"3":{"name":"(anonymous_3)","decl":{"start":{"line":50,"column":41},"end":{"line":50,"column":42}},"loc":{"start":{"line":50,"column":61},"end":{"line":59,"column":3}},"line":50},"4":{"name":"(anonymous_4)","decl":{"start":{"line":61,"column":35},"end":{"line":61,"column":36}},"loc":{"start":{"line":61,"column":55},"end":{"line":69,"column":3}},"line":61}},"branchMap":{"0":{"loc":{"start":{"line":15,"column":6},"end":{"line":17,"column":7}},"type":"if","locations":[{"start":{"line":15,"column":6},"end":{"line":17,"column":7}},{"start":{},"end":{}}],"line":15},"1":{"loc":{"start":{"line":34,"column":6},"end":{"line":34,"column":90}},"type":"if","locations":[{"start":{"line":34,"column":6},"end":{"line":34,"column":90}},{"start":{},"end":{}}],"line":34},"2":{"loc":{"start":{"line":54,"column":4},"end":{"line":54,"column":88}},"type":"if","locations":[{"start":{"line":54,"column":4},"end":{"line":54,"column":88}},{"start":{},"end":{}}],"line":54},"3":{"loc":{"start":{"line":64,"column":6},"end":{"line":64,"column":86}},"type":"if","locations":[{"start":{"line":64,"column":6},"end":{"line":64,"column":86}},{"start":{},"end":{}}],"line":64}},"s":{"0":1,"1":1,"2":3,"3":3,"4":3,"5":2,"6":1,"7":1,"8":1,"9":1,"10":1,"11":3,"12":3,"13":2,"14":1,"15":1,"16":1,"17":1,"18":2,"19":2,"20":1,"21":1,"22":1,"23":3,"24":3,"25":3,"26":2,"27":1,"28":1,"29":1,"30":1,"31":3,"32":3,"33":2,"34":1,"35":1,"36":1},"f":{"0":3,"1":3,"2":2,"3":3,"4":3},"b":{"0":[1,1],"1":[1,1],"2":[1,1],"3":[1,1]},"_coverageSchema":"1a1c01bbd47fc00a2c39e90264f33305004495a9","hash":"dd1a21a9779076ae85b9fb6b504275f87458d4f8"}
,"C:\\Users\\josep\\OneDrive\\Documentos\\GitHub\\jwt-poc\\src\\controllers\\restaurantAvailabilityController.js": {"path":"C:\\Users\\josep\\OneDrive\\Documentos\\GitHub\\jwt-poc\\src\\controllers\\restaurantAvailabilityController.js","statementMap":{"0":{"start":{"line":3,"column":38},"end":{"line":3,"column":48}},"1":{"start":{"line":5,"column":34},"end":{"line":12,"column":1}},"2":{"start":{"line":6,"column":2},"end":{"line":11,"column":3}},"3":{"start":{"line":7,"column":25},"end":{"line":7,"column":73}},"4":{"start":{"line":8,"column":4},"end":{"line":8,"column":39}},"5":{"start":{"line":10,"column":4},"end":{"line":10,"column":51}},"6":{"start":{"line":14,"column":45},"end":{"line":21,"column":1}},"7":{"start":{"line":15,"column":2},"end":{"line":20,"column":3}},"8":{"start":{"line":16,"column":27},"end":{"line":16,"column":99}},"9":{"start":{"line":17,"column":4},"end":{"line":17,"column":29}},"10":{"start":{"line":19,"column":4},"end":{"line":19,"column":51}},"11":{"start":{"line":23,"column":34},"end":{"line":31,"column":1}},"12":{"start":{"line":24,"column":2},"end":{"line":30,"column":3}},"13":{"start":{"line":25,"column":25},"end":{"line":25,"column":88}},"14":{"start":{"line":26,"column":4},"end":{"line":26,"column":90}},"15":{"start":{"line":26,"column":23},"end":{"line":26,"column":90}},"16":{"start":{"line":27,"column":4},"end":{"line":27,"column":27}},"17":{"start":{"line":29,"column":4},"end":{"line":29,"column":51}},"18":{"start":{"line":33,"column":34},"end":{"line":41,"column":1}},"19":{"start":{"line":34,"column":2},"end":{"line":40,"column":3}},"20":{"start":{"line":35,"column":20},"end":{"line":35,"column":73}},"21":{"start":{"line":36,"column":4},"end":{"line":36,"column":85}},"22":{"start":{"line":36,"column":18},"end":{"line":36,"column":85}},"23":{"start":{"line":37,"column":4},"end":{"line":37,"column":27}},"24":{"start":{"line":39,"column":4},"end":{"line":39,"column":51}}},"fnMap":{"0":{"name":"(anonymous_0)","decl":{"start":{"line":5,"column":34},"end":{"line":5,"column":35}},"loc":{"start":{"line":5,"column":54},"end":{"line":12,"column":1}},"line":5},"1":{"name":"(anonymous_1)","decl":{"start":{"line":14,"column":45},"end":{"line":14,"column":46}},"loc":{"start":{"line":14,"column":65},"end":{"line":21,"column":1}},"line":14},"2":{"name":"(anonymous_2)","decl":{"start":{"line":23,"column":34},"end":{"line":23,"column":35}},"loc":{"start":{"line":23,"column":54},"end":{"line":31,"column":1}},"line":23},"3":{"name":"(anonymous_3)","decl":{"start":{"line":33,"column":34},"end":{"line":33,"column":35}},"loc":{"start":{"line":33,"column":54},"end":{"line":41,"column":1}},"line":33}},"branchMap":{"0":{"loc":{"start":{"line":26,"column":4},"end":{"line":26,"column":90}},"type":"if","locations":[{"start":{"line":26,"column":4},"end":{"line":26,"column":90}},{"start":{},"end":{}}],"line":26},"1":{"loc":{"start":{"line":36,"column":4},"end":{"line":36,"column":85}},"type":"if","locations":[{"start":{"line":36,"column":4},"end":{"line":36,"column":85}},{"start":{},"end":{}}],"line":36}},"s":{"0":1,"1":1,"2":2,"3":2,"4":1,"5":1,"6":1,"7":2,"8":2,"9":1,"10":1,"11":1,"12":3,"13":3,"14":2,"15":1,"16":1,"17":1,"18":1,"19":3,"20":3,"21":2,"22":1,"23":1,"24":1},"f":{"0":2,"1":2,"2":3,"3":3},"b":{"0":[1,1],"1":[1,1]},"_coverageSchema":"1a1c01bbd47fc00a2c39e90264f33305004495a9","hash":"875f617e727e65710f9a83c1a4fcca39ce3ea31e"}
,"C:\\Users\\josep\\OneDrive\\Documentos\\GitHub\\jwt-poc\\src\\controllers\\restaurantController.js": {"path":"C:\\Users\\josep\\OneDrive\\Documentos\\GitHub\\jwt-poc\\src\\controllers\\restaurantController.js","statementMap":{"0":{"start":{"line":3,"column":33},"end":{"line":3,"column":51}},"1":{"start":{"line":5,"column":32},"end":{"line":15,"column":1}},"2":{"start":{"line":6,"column":2},"end":{"line":14,"column":3}},"3":{"start":{"line":7,"column":23},"end":{"line":10,"column":6}},"4":{"start":{"line":11,"column":4},"end":{"line":11,"column":37}},"5":{"start":{"line":13,"column":4},"end":{"line":13,"column":51}},"6":{"start":{"line":17,"column":33},"end":{"line":25,"column":1}},"7":{"start":{"line":18,"column":2},"end":{"line":24,"column":3}},"8":{"start":{"line":19,"column":23},"end":{"line":19,"column":72}},"9":{"start":{"line":20,"column":4},"end":{"line":20,"column":86}},"10":{"start":{"line":20,"column":21},"end":{"line":20,"column":86}},"11":{"start":{"line":21,"column":4},"end":{"line":21,"column":25}},"12":{"start":{"line":23,"column":4},"end":{"line":23,"column":51}},"13":{"start":{"line":27,"column":32},"end":{"line":35,"column":1}},"14":{"start":{"line":28,"column":2},"end":{"line":34,"column":3}},"15":{"start":{"line":29,"column":23},"end":{"line":29,"column":81}},"16":{"start":{"line":30,"column":4},"end":{"line":30,"column":86}},"17":{"start":{"line":30,"column":21},"end":{"line":30,"column":86}},"18":{"start":{"line":31,"column":4},"end":{"line":31,"column":25}},"19":{"start":{"line":33,"column":4},"end":{"line":33,"column":51}},"20":{"start":{"line":37,"column":32},"end":{"line":45,"column":1}},"21":{"start":{"line":38,"column":2},"end":{"line":44,"column":3}},"22":{"start":{"line":39,"column":20},"end":{"line":39,"column":68}},"23":{"start":{"line":40,"column":4},"end":{"line":40,"column":83}},"24":{"start":{"line":40,"column":18},"end":{"line":40,"column":83}},"25":{"start":{"line":41,"column":4},"end":{"line":41,"column":27}},"26":{"start":{"line":43,"column":4},"end":{"line":43,"column":51}}},"fnMap":{"0":{"name":"(anonymous_0)","decl":{"start":{"line":5,"column":32},"end":{"line":5,"column":33}},"loc":{"start":{"line":5,"column":52},"end":{"line":15,"column":1}},"line":5},"1":{"name":"(anonymous_1)","decl":{"start":{"line":17,"column":33},"end":{"line":17,"column":34}},"loc":{"start":{"line":17,"column":53},"end":{"line":25,"column":1}},"line":17},"2":{"name":"(anonymous_2)","decl":{"start":{"line":27,"column":32},"end":{"line":27,"column":33}},"loc":{"start":{"line":27,"column":52},"end":{"line":35,"column":1}},"line":27},"3":{"name":"(anonymous_3)","decl":{"start":{"line":37,"column":32},"end":{"line":37,"column":33}},"loc":{"start":{"line":37,"column":52},"end":{"line":45,"column":1}},"line":37}},"branchMap":{"0":{"loc":{"start":{"line":20,"column":4},"end":{"line":20,"column":86}},"type":"if","locations":[{"start":{"line":20,"column":4},"end":{"line":20,"column":86}},{"start":{},"end":{}}],"line":20},"1":{"loc":{"start":{"line":30,"column":4},"end":{"line":30,"column":86}},"type":"if","locations":[{"start":{"line":30,"column":4},"end":{"line":30,"column":86}},{"start":{},"end":{}}],"line":30},"2":{"loc":{"start":{"line":40,"column":4},"end":{"line":40,"column":83}},"type":"if","locations":[{"start":{"line":40,"column":4},"end":{"line":40,"column":83}},{"start":{},"end":{}}],"line":40}},"s":{"0":1,"1":1,"2":2,"3":2,"4":1,"5":1,"6":1,"7":3,"8":3,"9":2,"10":1,"11":1,"12":1,"13":1,"14":3,"15":3,"16":2,"17":1,"18":1,"19":1,"20":1,"21":3,"22":3,"23":2,"24":1,"25":1,"26":1},"f":{"0":2,"1":3,"2":3,"3":3},"b":{"0":[1,1],"1":[1,1],"2":[1,1]},"_coverageSchema":"1a1c01bbd47fc00a2c39e90264f33305004495a9","hash":"444214c65061fd7a5e39936cc42122b40fb3e165"}
,"C:\\Users\\josep\\OneDrive\\Documentos\\GitHub\\jwt-poc\\src\\controllers\\roleController.js": {"path":"C:\\Users\\josep\\OneDrive\\Documentos\\GitHub\\jwt-poc\\src\\controllers\\roleController.js","statementMap":{"0":{"start":{"line":3,"column":20},"end":{"line":3,"column":30}},"1":{"start":{"line":5,"column":26},"end":{"line":12,"column":1}},"2":{"start":{"line":6,"column":2},"end":{"line":11,"column":3}},"3":{"start":{"line":7,"column":17},"end":{"line":7,"column":47}},"4":{"start":{"line":8,"column":4},"end":{"line":8,"column":31}},"5":{"start":{"line":10,"column":4},"end":{"line":10,"column":51}},"6":{"start":{"line":14,"column":24},"end":{"line":21,"column":1}},"7":{"start":{"line":15,"column":2},"end":{"line":20,"column":3}},"8":{"start":{"line":16,"column":18},"end":{"line":16,"column":40}},"9":{"start":{"line":17,"column":4},"end":{"line":17,"column":20}},"10":{"start":{"line":19,"column":4},"end":{"line":19,"column":51}},"11":{"start":{"line":23,"column":26},"end":{"line":31,"column":1}},"12":{"start":{"line":24,"column":2},"end":{"line":30,"column":3}},"13":{"start":{"line":25,"column":17},"end":{"line":25,"column":62}},"14":{"start":{"line":26,"column":4},"end":{"line":26,"column":74}},"15":{"start":{"line":26,"column":15},"end":{"line":26,"column":74}},"16":{"start":{"line":27,"column":4},"end":{"line":27,"column":19}},"17":{"start":{"line":29,"column":4},"end":{"line":29,"column":51}},"18":{"start":{"line":33,"column":26},"end":{"line":41,"column":1}},"19":{"start":{"line":34,"column":2},"end":{"line":40,"column":3}},"20":{"start":{"line":35,"column":20},"end":{"line":35,"column":55}},"21":{"start":{"line":36,"column":4},"end":{"line":36,"column":77}},"22":{"start":{"line":36,"column":18},"end":{"line":36,"column":77}},"23":{"start":{"line":37,"column":4},"end":{"line":37,"column":27}},"24":{"start":{"line":39,"column":4},"end":{"line":39,"column":51}}},"fnMap":{"0":{"name":"(anonymous_0)","decl":{"start":{"line":5,"column":26},"end":{"line":5,"column":27}},"loc":{"start":{"line":5,"column":46},"end":{"line":12,"column":1}},"line":5},"1":{"name":"(anonymous_1)","decl":{"start":{"line":14,"column":24},"end":{"line":14,"column":25}},"loc":{"start":{"line":14,"column":44},"end":{"line":21,"column":1}},"line":14},"2":{"name":"(anonymous_2)","decl":{"start":{"line":23,"column":26},"end":{"line":23,"column":27}},"loc":{"start":{"line":23,"column":46},"end":{"line":31,"column":1}},"line":23},"3":{"name":"(anonymous_3)","decl":{"start":{"line":33,"column":26},"end":{"line":33,"column":27}},"loc":{"start":{"line":33,"column":46},"end":{"line":41,"column":1}},"line":33}},"branchMap":{"0":{"loc":{"start":{"line":26,"column":4},"end":{"line":26,"column":74}},"type":"if","locations":[{"start":{"line":26,"column":4},"end":{"line":26,"column":74}},{"start":{},"end":{}}],"line":26},"1":{"loc":{"start":{"line":36,"column":4},"end":{"line":36,"column":77}},"type":"if","locations":[{"start":{"line":36,"column":4},"end":{"line":36,"column":77}},{"start":{},"end":{}}],"line":36}},"s":{"0":1,"1":1,"2":2,"3":2,"4":1,"5":1,"6":1,"7":2,"8":2,"9":1,"10":1,"11":1,"12":3,"13":3,"14":2,"15":1,"16":1,"17":1,"18":1,"19":3,"20":3,"21":2,"22":1,"23":1,"24":1},"f":{"0":2,"1":2,"2":3,"3":3},"b":{"0":[1,1],"1":[1,1]},"_coverageSchema":"1a1c01bbd47fc00a2c39e90264f33305004495a9","hash":"c3a41b9f5f1ff618fdafa2d20219cec68f55789a"}
,"C:\\Users\\josep\\OneDrive\\Documentos\\GitHub\\jwt-poc\\src\\controllers\\userController.js": {"path":"C:\\Users\\josep\\OneDrive\\Documentos\\GitHub\\jwt-poc\\src\\controllers\\userController.js","statementMap":{"0":{"start":{"line":3,"column":27},"end":{"line":3,"column":45}},"1":{"start":{"line":5,"column":26},"end":{"line":12,"column":1}},"2":{"start":{"line":6,"column":2},"end":{"line":11,"column":3}},"3":{"start":{"line":7,"column":17},"end":{"line":7,"column":54}},"4":{"start":{"line":8,"column":4},"end":{"line":8,"column":31}},"5":{"start":{"line":10,"column":4},"end":{"line":10,"column":51}},"6":{"start":{"line":14,"column":27},"end":{"line":22,"column":1}},"7":{"start":{"line":15,"column":2},"end":{"line":21,"column":3}},"8":{"start":{"line":16,"column":17},"end":{"line":16,"column":60}},"9":{"start":{"line":17,"column":4},"end":{"line":17,"column":74}},"10":{"start":{"line":17,"column":15},"end":{"line":17,"column":74}},"11":{"start":{"line":18,"column":4},"end":{"line":18,"column":19}},"12":{"start":{"line":20,"column":4},"end":{"line":20,"column":51}},"13":{"start":{"line":24,"column":26},"end":{"line":32,"column":1}},"14":{"start":{"line":25,"column":2},"end":{"line":31,"column":3}},"15":{"start":{"line":26,"column":17},"end":{"line":26,"column":69}},"16":{"start":{"line":27,"column":4},"end":{"line":27,"column":74}},"17":{"start":{"line":27,"column":15},"end":{"line":27,"column":74}},"18":{"start":{"line":28,"column":4},"end":{"line":28,"column":19}},"19":{"start":{"line":30,"column":4},"end":{"line":30,"column":51}},"20":{"start":{"line":34,"column":26},"end":{"line":42,"column":1}},"21":{"start":{"line":35,"column":2},"end":{"line":41,"column":3}},"22":{"start":{"line":36,"column":20},"end":{"line":36,"column":62}},"23":{"start":{"line":37,"column":4},"end":{"line":37,"column":77}},"24":{"start":{"line":37,"column":18},"end":{"line":37,"column":77}},"25":{"start":{"line":38,"column":4},"end":{"line":38,"column":27}},"26":{"start":{"line":40,"column":4},"end":{"line":40,"column":51}}},"fnMap":{"0":{"name":"(anonymous_0)","decl":{"start":{"line":5,"column":26},"end":{"line":5,"column":27}},"loc":{"start":{"line":5,"column":46},"end":{"line":12,"column":1}},"line":5},"1":{"name":"(anonymous_1)","decl":{"start":{"line":14,"column":27},"end":{"line":14,"column":28}},"loc":{"start":{"line":14,"column":47},"end":{"line":22,"column":1}},"line":14},"2":{"name":"(anonymous_2)","decl":{"start":{"line":24,"column":26},"end":{"line":24,"column":27}},"loc":{"start":{"line":24,"column":46},"end":{"line":32,"column":1}},"line":24},"3":{"name":"(anonymous_3)","decl":{"start":{"line":34,"column":26},"end":{"line":34,"column":27}},"loc":{"start":{"line":34,"column":46},"end":{"line":42,"column":1}},"line":34}},"branchMap":{"0":{"loc":{"start":{"line":17,"column":4},"end":{"line":17,"column":74}},"type":"if","locations":[{"start":{"line":17,"column":4},"end":{"line":17,"column":74}},{"start":{},"end":{}}],"line":17},"1":{"loc":{"start":{"line":27,"column":4},"end":{"line":27,"column":74}},"type":"if","locations":[{"start":{"line":27,"column":4},"end":{"line":27,"column":74}},{"start":{},"end":{}}],"line":27},"2":{"loc":{"start":{"line":37,"column":4},"end":{"line":37,"column":77}},"type":"if","locations":[{"start":{"line":37,"column":4},"end":{"line":37,"column":77}},{"start":{},"end":{}}],"line":37}},"s":{"0":1,"1":1,"2":2,"3":2,"4":1,"5":1,"6":1,"7":3,"8":3,"9":2,"10":1,"11":1,"12":1,"13":1,"14":3,"15":3,"16":2,"17":1,"18":1,"19":1,"20":1,"21":3,"22":3,"23":2,"24":1,"25":1,"26":1},"f":{"0":2,"1":3,"2":3,"3":3},"b":{"0":[1,1],"1":[1,1],"2":[1,1]},"_coverageSchema":"1a1c01bbd47fc00a2c39e90264f33305004495a9","hash":"6f95fcdee1f46abcabb87b66a4d6bc4f7cc7fe7d"}
}
