TN:
SF:src\controllers\orderController.js
FN:5,(anonymous_0)
FN:17,(anonymous_1)
FN:27,(anonymous_2)
FN:37,(anonymous_3)
FNF:4
FNH:4
FNDA:2,(anonymous_0)
FNDA:3,(anonymous_1)
FNDA:3,(anonymous_2)
FNDA:3,(anonymous_3)
DA:3,1
DA:5,1
DA:6,2
DA:7,2
DA:11,1
DA:13,1
DA:17,1
DA:18,3
DA:19,3
DA:20,2
DA:21,1
DA:23,1
DA:27,1
DA:28,3
DA:29,3
DA:30,2
DA:31,1
DA:33,1
DA:37,1
DA:38,3
DA:39,3
DA:40,2
DA:41,1
DA:43,1
LF:24
LH:24
BRDA:20,0,0,1
BRDA:20,0,1,1
BRDA:30,1,0,1
BRDA:30,1,1,1
BRDA:40,2,0,1
BRDA:40,2,1,1
BRF:6
BRH:6
end_of_record
TN:
SF:src\controllers\orderItemController.js
FN:5,(anonymous_0)
FN:14,(anonymous_1)
FN:23,(anonymous_2)
FNF:3
FNH:3
FNDA:2,(anonymous_0)
FNDA:2,(anonymous_1)
FNDA:3,(anonymous_2)
DA:3,1
DA:5,1
DA:6,2
DA:7,2
DA:8,1
DA:10,1
DA:14,1
DA:15,2
DA:16,2
DA:17,1
DA:19,1
DA:23,1
DA:24,3
DA:25,3
DA:26,2
DA:27,1
DA:29,1
LF:17
LH:17
BRDA:26,0,0,1
BRDA:26,0,1,1
BRF:2
BRH:2
end_of_record
TN:
SF:src\controllers\productCategoryController.js
FN:5,(anonymous_0)
FN:14,(anonymous_1)
FN:23,(anonymous_2)
FN:32,(anonymous_3)
FN:42,(anonymous_4)
FNF:5
FNH:5
FNDA:2,(anonymous_0)
FNDA:2,(anonymous_1)
FNDA:2,(anonymous_2)
FNDA:3,(anonymous_3)
FNDA:3,(anonymous_4)
DA:3,1
DA:5,1
DA:6,2
DA:7,2
DA:8,1
DA:10,1
DA:14,1
DA:15,2
DA:16,2
DA:17,1
DA:19,1
DA:23,1
DA:24,2
DA:25,2
DA:26,1
DA:28,1
DA:32,1
DA:33,3
DA:34,3
DA:35,2
DA:36,1
DA:38,1
DA:42,1
DA:43,3
DA:44,3
DA:45,2
DA:46,1
DA:48,1
LF:28
LH:28
BRDA:35,0,0,1
BRDA:35,0,1,1
BRDA:45,1,0,1
BRDA:45,1,1,1
BRF:4
BRH:4
end_of_record
TN:
SF:src\controllers\productController.js
FN:5,(anonymous_0)
FN:14,(anonymous_1)
FN:23,(anonymous_2)
FN:33,(anonymous_3)
FN:45,(anonymous_4)
FNF:5
FNH:5
FNDA:2,(anonymous_0)
FNDA:2,(anonymous_1)
FNDA:3,(anonymous_2)
FNDA:3,(anonymous_3)
FNDA:3,(anonymous_4)
DA:3,1
DA:5,1
DA:6,2
DA:7,2
DA:8,1
DA:10,1
DA:14,1
DA:15,2
DA:16,2
DA:17,1
DA:19,1
DA:23,1
DA:24,3
DA:25,3
DA:26,2
DA:27,1
DA:29,1
DA:33,1
DA:34,3
DA:35,3
DA:36,3
DA:38,2
DA:39,1
DA:41,1
DA:45,1
DA:46,3
DA:47,3
DA:48,3
DA:50,2
DA:51,1
DA:53,1
LF:31
LH:31
BRDA:26,0,0,1
BRDA:26,0,1,1
BRDA:36,1,0,1
BRDA:36,1,1,2
BRDA:48,2,0,1
BRDA:48,2,1,2
BRF:6
BRH:6
end_of_record
TN:
SF:src\controllers\reservationController.js
FN:5,(anonymous_0)
FN:31,(anonymous_1)
FN:41,(anonymous_2)
FN:50,(anonymous_3)
FN:61,(anonymous_4)
FNF:5
FNH:5
FNDA:3,(anonymous_0)
FNDA:3,(anonymous_1)
FNDA:2,(anonymous_2)
FNDA:3,(anonymous_3)
FNDA:3,(anonymous_4)
DA:3,1
DA:5,1
DA:6,3
DA:7,3
DA:9,3
DA:15,2
DA:16,1
DA:19,1
DA:25,1
DA:27,1
DA:31,1
DA:32,3
DA:33,3
DA:34,2
DA:35,1
DA:37,1
DA:41,1
DA:42,2
DA:43,2
DA:44,1
DA:46,1
DA:50,1
DA:51,3
DA:52,3
DA:53,3
DA:54,2
DA:55,1
DA:57,1
DA:61,1
DA:62,3
DA:63,3
DA:64,2
DA:65,1
DA:67,1
LF:34
LH:34
BRDA:15,0,0,1
BRDA:15,0,1,1
BRDA:34,1,0,1
BRDA:34,1,1,1
BRDA:54,2,0,1
BRDA:54,2,1,1
BRDA:64,3,0,1
BRDA:64,3,1,1
BRF:8
BRH:8
end_of_record
TN:
SF:src\controllers\restaurantAvailabilityController.js
FN:5,(anonymous_0)
FN:14,(anonymous_1)
FN:23,(anonymous_2)
FN:33,(anonymous_3)
FNF:4
FNH:4
FNDA:2,(anonymous_0)
FNDA:2,(anonymous_1)
FNDA:3,(anonymous_2)
FNDA:3,(anonymous_3)
DA:3,1
DA:5,1
DA:6,2
DA:7,2
DA:8,1
DA:10,1
DA:14,1
DA:15,2
DA:16,2
DA:17,1
DA:19,1
DA:23,1
DA:24,3
DA:25,3
DA:26,2
DA:27,1
DA:29,1
DA:33,1
DA:34,3
DA:35,3
DA:36,2
DA:37,1
DA:39,1
LF:23
LH:23
BRDA:26,0,0,1
BRDA:26,0,1,1
BRDA:36,1,0,1
BRDA:36,1,1,1
BRF:4
BRH:4
end_of_record
TN:
SF:src\controllers\restaurantController.js
FN:5,(anonymous_0)
FN:17,(anonymous_1)
FN:27,(anonymous_2)
FN:37,(anonymous_3)
FNF:4
FNH:4
FNDA:2,(anonymous_0)
FNDA:3,(anonymous_1)
FNDA:3,(anonymous_2)
FNDA:3,(anonymous_3)
DA:3,1
DA:5,1
DA:6,2
DA:7,2
DA:11,1
DA:13,1
DA:17,1
DA:18,3
DA:19,3
DA:20,2
DA:21,1
DA:23,1
DA:27,1
DA:28,3
DA:29,3
DA:30,2
DA:31,1
DA:33,1
DA:37,1
DA:38,3
DA:39,3
DA:40,2
DA:41,1
DA:43,1
LF:24
LH:24
BRDA:20,0,0,1
BRDA:20,0,1,1
BRDA:30,1,0,1
BRDA:30,1,1,1
BRDA:40,2,0,1
BRDA:40,2,1,1
BRF:6
BRH:6
end_of_record
TN:
SF:src\controllers\roleController.js
FN:5,(anonymous_0)
FN:14,(anonymous_1)
FN:23,(anonymous_2)
FN:33,(anonymous_3)
FNF:4
FNH:4
FNDA:2,(anonymous_0)
FNDA:2,(anonymous_1)
FNDA:3,(anonymous_2)
FNDA:3,(anonymous_3)
DA:3,1
DA:5,1
DA:6,2
DA:7,2
DA:8,1
DA:10,1
DA:14,1
DA:15,2
DA:16,2
DA:17,1
DA:19,1
DA:23,1
DA:24,3
DA:25,3
DA:26,2
DA:27,1
DA:29,1
DA:33,1
DA:34,3
DA:35,3
DA:36,2
DA:37,1
DA:39,1
LF:23
LH:23
BRDA:26,0,0,1
BRDA:26,0,1,1
BRDA:36,1,0,1
BRDA:36,1,1,1
BRF:4
BRH:4
end_of_record
TN:
SF:src\controllers\userController.js
FN:5,(anonymous_0)
FN:14,(anonymous_1)
FN:24,(anonymous_2)
FN:34,(anonymous_3)
FNF:4
FNH:4
FNDA:2,(anonymous_0)
FNDA:3,(anonymous_1)
FNDA:3,(anonymous_2)
FNDA:3,(anonymous_3)
DA:3,1
DA:5,1
DA:6,2
DA:7,2
DA:8,1
DA:10,1
DA:14,1
DA:15,3
DA:16,3
DA:17,2
DA:18,1
DA:20,1
DA:24,1
DA:25,3
DA:26,3
DA:27,2
DA:28,1
DA:30,1
DA:34,1
DA:35,3
DA:36,3
DA:37,2
DA:38,1
DA:40,1
LF:24
LH:24
BRDA:17,0,0,1
BRDA:17,0,1,1
BRDA:27,1,0,1
BRDA:27,1,1,1
BRDA:37,2,0,1
BRDA:37,2,1,1
BRF:6
BRH:6
end_of_record
